<?xml version="1.0" encoding="UTF-8"?>
<testsuite xmlns:xsi="http://www.w3.org/2001/XMLSchema-instance" xsi:noNamespaceSchemaLocation="https://maven.apache.org/surefire/maven-surefire-plugin/xsd/surefire-test-report.xsd" name="com.secrets.manager.springsecretsmanager.SpringSecretsManagerApplicationTests" time="18.424" tests="1" errors="0" skipped="0" failures="0">
  <properties>
    <property name="gopherProxySet" value="false"/>
    <property name="awt.toolkit" value="sun.lwawt.macosx.LWCToolkit"/>
    <property name="java.specification.version" value="11"/>
    <property name="sun.cpu.isalist" value=""/>
    <property name="sun.jnu.encoding" value="UTF-8"/>
    <property name="java.class.path" value="/Users/sreenivasmanthri/Projects/spring-secrets-manager/target/test-classes:/Users/sreenivasmanthri/Projects/spring-secrets-manager/target/classes:/Users/sreenivasmanthri/.m2/repository/org/springframework/cloud/spring-cloud-config-server/3.0.0/spring-cloud-config-server-3.0.0.jar:/Users/sreenivasmanthri/.m2/repository/org/springframework/cloud/spring-cloud-config-client/3.0.0/spring-cloud-config-client-3.0.0.jar:/Users/sreenivasmanthri/.m2/repository/org/springframework/cloud/spring-cloud-commons/3.0.0/spring-cloud-commons-3.0.0.jar:/Users/sreenivasmanthri/.m2/repository/org/springframework/cloud/spring-cloud-context/3.0.0/spring-cloud-context-3.0.0.jar:/Users/sreenivasmanthri/.m2/repository/org/springframework/spring-web/5.3.2/spring-web-5.3.2.jar:/Users/sreenivasmanthri/.m2/repository/org/springframework/spring-beans/5.3.2/spring-beans-5.3.2.jar:/Users/sreenivasmanthri/.m2/repository/org/apache/httpcomponents/httpclient/4.5.13/httpclient-4.5.13.jar:/Users/sreenivasmanthri/.m2/repository/commons-codec/commons-codec/1.15/commons-codec-1.15.jar:/Users/sreenivasmanthri/.m2/repository/org/springframework/boot/spring-boot-starter-web/2.4.1/spring-boot-starter-web-2.4.1.jar:/Users/sreenivasmanthri/.m2/repository/org/springframework/boot/spring-boot-starter-json/2.4.1/spring-boot-starter-json-2.4.1.jar:/Users/sreenivasmanthri/.m2/repository/com/fasterxml/jackson/datatype/jackson-datatype-jdk8/2.11.3/jackson-datatype-jdk8-2.11.3.jar:/Users/sreenivasmanthri/.m2/repository/com/fasterxml/jackson/module/jackson-module-parameter-names/2.11.3/jackson-module-parameter-names-2.11.3.jar:/Users/sreenivasmanthri/.m2/repository/org/springframework/boot/spring-boot-starter-tomcat/2.4.1/spring-boot-starter-tomcat-2.4.1.jar:/Users/sreenivasmanthri/.m2/repository/org/apache/tomcat/embed/tomcat-embed-core/9.0.41/tomcat-embed-core-9.0.41.jar:/Users/sreenivasmanthri/.m2/repository/org/apache/tomcat/embed/tomcat-embed-websocket/9.0.41/tomcat-embed-websocket-9.0.41.jar:/Users/sreenivasmanthri/.m2/repository/org/springframework/spring-webmvc/5.3.2/spring-webmvc-5.3.2.jar:/Users/sreenivasmanthri/.m2/repository/org/springframework/spring-aop/5.3.2/spring-aop-5.3.2.jar:/Users/sreenivasmanthri/.m2/repository/org/springframework/spring-expression/5.3.2/spring-expression-5.3.2.jar:/Users/sreenivasmanthri/.m2/repository/org/springframework/boot/spring-boot-starter-validation/2.4.1/spring-boot-starter-validation-2.4.1.jar:/Users/sreenivasmanthri/.m2/repository/org/glassfish/jakarta.el/3.0.3/jakarta.el-3.0.3.jar:/Users/sreenivasmanthri/.m2/repository/org/hibernate/validator/hibernate-validator/6.1.6.Final/hibernate-validator-6.1.6.Final.jar:/Users/sreenivasmanthri/.m2/repository/jakarta/validation/jakarta.validation-api/2.0.2/jakarta.validation-api-2.0.2.jar:/Users/sreenivasmanthri/.m2/repository/org/jboss/logging/jboss-logging/3.4.1.Final/jboss-logging-3.4.1.Final.jar:/Users/sreenivasmanthri/.m2/repository/com/fasterxml/classmate/1.5.1/classmate-1.5.1.jar:/Users/sreenivasmanthri/.m2/repository/org/springframework/security/spring-security-crypto/5.4.2/spring-security-crypto-5.4.2.jar:/Users/sreenivasmanthri/.m2/repository/org/springframework/security/spring-security-rsa/1.0.9.RELEASE/spring-security-rsa-1.0.9.RELEASE.jar:/Users/sreenivasmanthri/.m2/repository/org/bouncycastle/bcpkix-jdk15on/1.64/bcpkix-jdk15on-1.64.jar:/Users/sreenivasmanthri/.m2/repository/org/bouncycastle/bcprov-jdk15on/1.64/bcprov-jdk15on-1.64.jar:/Users/sreenivasmanthri/.m2/repository/org/eclipse/jgit/org.eclipse.jgit/5.1.3.201810200350-r/org.eclipse.jgit-5.1.3.201810200350-r.jar:/Users/sreenivasmanthri/.m2/repository/com/jcraft/jsch/0.1.54/jsch-0.1.54.jar:/Users/sreenivasmanthri/.m2/repository/com/jcraft/jzlib/1.1.1/jzlib-1.1.1.jar:/Users/sreenivasmanthri/.m2/repository/com/googlecode/javaewah/JavaEWAH/1.1.6/JavaEWAH-1.1.6.jar:/Users/sreenivasmanthri/.m2/repository/org/eclipse/jgit/org.eclipse.jgit.http.apache/5.1.3.201810200350-r/org.eclipse.jgit.http.apache-5.1.3.201810200350-r.jar:/Users/sreenivasmanthri/.m2/repository/org/apache/httpcomponents/httpcore/4.4.14/httpcore-4.4.14.jar:/Users/sreenivasmanthri/.m2/repository/org/yaml/snakeyaml/1.27/snakeyaml-1.27.jar:/Users/sreenivasmanthri/.m2/repository/com/fasterxml/jackson/dataformat/jackson-dataformat-yaml/2.11.3/jackson-dataformat-yaml-2.11.3.jar:/Users/sreenivasmanthri/.m2/repository/org/springframework/cloud/spring-cloud-starter-aws-secrets-manager-config/2.0.1.RELEASE/spring-cloud-starter-aws-secrets-manager-config-2.0.1.RELEASE.jar:/Users/sreenivasmanthri/.m2/repository/org/springframework/cloud/spring-cloud-aws-secrets-manager-config/2.0.1.RELEASE/spring-cloud-aws-secrets-manager-config-2.0.1.RELEASE.jar:/Users/sreenivasmanthri/.m2/repository/org/springframework/spring-context/5.3.2/spring-context-5.3.2.jar:/Users/sreenivasmanthri/.m2/repository/com/amazonaws/aws-java-sdk-secretsmanager/1.11.415/aws-java-sdk-secretsmanager-1.11.415.jar:/Users/sreenivasmanthri/.m2/repository/com/amazonaws/aws-java-sdk-core/1.11.415/aws-java-sdk-core-1.11.415.jar:/Users/sreenivasmanthri/.m2/repository/commons-logging/commons-logging/1.1.3/commons-logging-1.1.3.jar:/Users/sreenivasmanthri/.m2/repository/software/amazon/ion/ion-java/1.0.2/ion-java-1.0.2.jar:/Users/sreenivasmanthri/.m2/repository/com/fasterxml/jackson/dataformat/jackson-dataformat-cbor/2.11.3/jackson-dataformat-cbor-2.11.3.jar:/Users/sreenivasmanthri/.m2/repository/joda-time/joda-time/2.8.1/joda-time-2.8.1.jar:/Users/sreenivasmanthri/.m2/repository/com/amazonaws/jmespath-java/1.11.415/jmespath-java-1.11.415.jar:/Users/sreenivasmanthri/.m2/repository/org/springframework/cloud/spring-cloud-aws-autoconfigure/2.0.1.RELEASE/spring-cloud-aws-autoconfigure-2.0.1.RELEASE.jar:/Users/sreenivasmanthri/.m2/repository/org/springframework/cloud/spring-cloud-aws-context/2.0.1.RELEASE/spring-cloud-aws-context-2.0.1.RELEASE.jar:/Users/sreenivasmanthri/.m2/repository/org/springframework/cloud/spring-cloud-aws-core/2.0.1.RELEASE/spring-cloud-aws-core-2.0.1.RELEASE.jar:/Users/sreenivasmanthri/.m2/repository/com/amazonaws/aws-java-sdk-s3/1.11.415/aws-java-sdk-s3-1.11.415.jar:/Users/sreenivasmanthri/.m2/repository/com/amazonaws/aws-java-sdk-kms/1.11.415/aws-java-sdk-kms-1.11.415.jar:/Users/sreenivasmanthri/.m2/repository/com/amazonaws/aws-java-sdk-ec2/1.11.415/aws-java-sdk-ec2-1.11.415.jar:/Users/sreenivasmanthri/.m2/repository/com/amazonaws/aws-java-sdk-cloudformation/1.11.415/aws-java-sdk-cloudformation-1.11.415.jar:/Users/sreenivasmanthri/.m2/repository/org/slf4j/slf4j-api/1.7.30/slf4j-api-1.7.30.jar:/Users/sreenivasmanthri/.m2/repository/org/springframework/boot/spring-boot-starter-log4j2/2.4.1/spring-boot-starter-log4j2-2.4.1.jar:/Users/sreenivasmanthri/.m2/repository/org/apache/logging/log4j/log4j-slf4j-impl/2.13.3/log4j-slf4j-impl-2.13.3.jar:/Users/sreenivasmanthri/.m2/repository/org/apache/logging/log4j/log4j-api/2.13.3/log4j-api-2.13.3.jar:/Users/sreenivasmanthri/.m2/repository/org/apache/logging/log4j/log4j-core/2.13.3/log4j-core-2.13.3.jar:/Users/sreenivasmanthri/.m2/repository/org/apache/logging/log4j/log4j-jul/2.13.3/log4j-jul-2.13.3.jar:/Users/sreenivasmanthri/.m2/repository/org/slf4j/jul-to-slf4j/1.7.30/jul-to-slf4j-1.7.30.jar:/Users/sreenivasmanthri/.m2/repository/org/projectlombok/lombok/1.18.16/lombok-1.18.16.jar:/Users/sreenivasmanthri/.m2/repository/org/springframework/boot/spring-boot-starter/2.4.1/spring-boot-starter-2.4.1.jar:/Users/sreenivasmanthri/.m2/repository/org/springframework/boot/spring-boot/2.4.1/spring-boot-2.4.1.jar:/Users/sreenivasmanthri/.m2/repository/org/springframework/boot/spring-boot-autoconfigure/2.4.1/spring-boot-autoconfigure-2.4.1.jar:/Users/sreenivasmanthri/.m2/repository/jakarta/annotation/jakarta.annotation-api/1.3.5/jakarta.annotation-api-1.3.5.jar:/Users/sreenivasmanthri/.m2/repository/org/springframework/spring-core/5.3.2/spring-core-5.3.2.jar:/Users/sreenivasmanthri/.m2/repository/org/springframework/spring-jcl/5.3.2/spring-jcl-5.3.2.jar:/Users/sreenivasmanthri/.m2/repository/org/springframework/boot/spring-boot-starter-actuator/2.4.1/spring-boot-starter-actuator-2.4.1.jar:/Users/sreenivasmanthri/.m2/repository/org/springframework/boot/spring-boot-actuator-autoconfigure/2.4.1/spring-boot-actuator-autoconfigure-2.4.1.jar:/Users/sreenivasmanthri/.m2/repository/org/springframework/boot/spring-boot-actuator/2.4.1/spring-boot-actuator-2.4.1.jar:/Users/sreenivasmanthri/.m2/repository/com/fasterxml/jackson/datatype/jackson-datatype-jsr310/2.11.3/jackson-datatype-jsr310-2.11.3.jar:/Users/sreenivasmanthri/.m2/repository/io/micrometer/micrometer-core/1.6.2/micrometer-core-1.6.2.jar:/Users/sreenivasmanthri/.m2/repository/org/hdrhistogram/HdrHistogram/2.1.12/HdrHistogram-2.1.12.jar:/Users/sreenivasmanthri/.m2/repository/org/latencyutils/LatencyUtils/2.0.3/LatencyUtils-2.0.3.jar:/Users/sreenivasmanthri/.m2/repository/com/fasterxml/jackson/dataformat/jackson-dataformat-xml/2.10.3/jackson-dataformat-xml-2.10.3.jar:/Users/sreenivasmanthri/.m2/repository/com/fasterxml/jackson/core/jackson-core/2.11.3/jackson-core-2.11.3.jar:/Users/sreenivasmanthri/.m2/repository/com/fasterxml/jackson/core/jackson-annotations/2.11.3/jackson-annotations-2.11.3.jar:/Users/sreenivasmanthri/.m2/repository/com/fasterxml/jackson/core/jackson-databind/2.11.3/jackson-databind-2.11.3.jar:/Users/sreenivasmanthri/.m2/repository/com/fasterxml/jackson/module/jackson-module-jaxb-annotations/2.11.3/jackson-module-jaxb-annotations-2.11.3.jar:/Users/sreenivasmanthri/.m2/repository/jakarta/activation/jakarta.activation-api/1.2.2/jakarta.activation-api-1.2.2.jar:/Users/sreenivasmanthri/.m2/repository/org/codehaus/woodstox/stax2-api/4.2/stax2-api-4.2.jar:/Users/sreenivasmanthri/.m2/repository/com/fasterxml/woodstox/woodstox-core/6.1.1/woodstox-core-6.1.1.jar:/Users/sreenivasmanthri/.m2/repository/org/springframework/boot/spring-boot-starter-test/2.4.1/spring-boot-starter-test-2.4.1.jar:/Users/sreenivasmanthri/.m2/repository/org/springframework/boot/spring-boot-test/2.4.1/spring-boot-test-2.4.1.jar:/Users/sreenivasmanthri/.m2/repository/org/springframework/boot/spring-boot-test-autoconfigure/2.4.1/spring-boot-test-autoconfigure-2.4.1.jar:/Users/sreenivasmanthri/.m2/repository/com/jayway/jsonpath/json-path/2.4.0/json-path-2.4.0.jar:/Users/sreenivasmanthri/.m2/repository/net/minidev/json-smart/2.3/json-smart-2.3.jar:/Users/sreenivasmanthri/.m2/repository/net/minidev/accessors-smart/1.2/accessors-smart-1.2.jar:/Users/sreenivasmanthri/.m2/repository/org/ow2/asm/asm/5.0.4/asm-5.0.4.jar:/Users/sreenivasmanthri/.m2/repository/jakarta/xml/bind/jakarta.xml.bind-api/2.3.3/jakarta.xml.bind-api-2.3.3.jar:/Users/sreenivasmanthri/.m2/repository/org/assertj/assertj-core/3.18.1/assertj-core-3.18.1.jar:/Users/sreenivasmanthri/.m2/repository/org/hamcrest/hamcrest/2.2/hamcrest-2.2.jar:/Users/sreenivasmanthri/.m2/repository/org/junit/jupiter/junit-jupiter/5.7.0/junit-jupiter-5.7.0.jar:/Users/sreenivasmanthri/.m2/repository/org/junit/jupiter/junit-jupiter-api/5.7.0/junit-jupiter-api-5.7.0.jar:/Users/sreenivasmanthri/.m2/repository/org/apiguardian/apiguardian-api/1.1.0/apiguardian-api-1.1.0.jar:/Users/sreenivasmanthri/.m2/repository/org/opentest4j/opentest4j/1.2.0/opentest4j-1.2.0.jar:/Users/sreenivasmanthri/.m2/repository/org/junit/platform/junit-platform-commons/1.7.0/junit-platform-commons-1.7.0.jar:/Users/sreenivasmanthri/.m2/repository/org/junit/jupiter/junit-jupiter-params/5.7.0/junit-jupiter-params-5.7.0.jar:/Users/sreenivasmanthri/.m2/repository/org/junit/jupiter/junit-jupiter-engine/5.7.0/junit-jupiter-engine-5.7.0.jar:/Users/sreenivasmanthri/.m2/repository/org/junit/platform/junit-platform-engine/1.7.0/junit-platform-engine-1.7.0.jar:/Users/sreenivasmanthri/.m2/repository/org/mockito/mockito-junit-jupiter/3.6.28/mockito-junit-jupiter-3.6.28.jar:/Users/sreenivasmanthri/.m2/repository/org/skyscreamer/jsonassert/1.5.0/jsonassert-1.5.0.jar:/Users/sreenivasmanthri/.m2/repository/com/vaadin/external/google/android-json/0.0.20131108.vaadin1/android-json-0.0.20131108.vaadin1.jar:/Users/sreenivasmanthri/.m2/repository/org/xmlunit/xmlunit-core/2.7.0/xmlunit-core-2.7.0.jar:/Users/sreenivasmanthri/.m2/repository/junit/junit/4.13.1/junit-4.13.1.jar:/Users/sreenivasmanthri/.m2/repository/org/hamcrest/hamcrest-core/2.2/hamcrest-core-2.2.jar:/Users/sreenivasmanthri/.m2/repository/org/mockito/mockito-core/3.6.28/mockito-core-3.6.28.jar:/Users/sreenivasmanthri/.m2/repository/net/bytebuddy/byte-buddy/1.10.18/byte-buddy-1.10.18.jar:/Users/sreenivasmanthri/.m2/repository/net/bytebuddy/byte-buddy-agent/1.10.18/byte-buddy-agent-1.10.18.jar:/Users/sreenivasmanthri/.m2/repository/org/objenesis/objenesis/3.1/objenesis-3.1.jar:/Users/sreenivasmanthri/.m2/repository/org/springframework/spring-test/5.3.2/spring-test-5.3.2.jar:"/>
    <property name="java.vm.vendor" value="Oracle Corporation"/>
    <property name="sun.arch.data.model" value="64"/>
    <property name="java.vendor.url" value="https://openjdk.java.net/"/>
    <property name="user.timezone" value=""/>
    <property name="java.vm.specification.version" value="11"/>
    <property name="os.name" value="Mac OS X"/>
    <property name="sun.java.launcher" value="SUN_STANDARD"/>
    <property name="user.country" value="CA"/>
    <property name="sun.boot.library.path" value="/Library/Java/JavaVirtualMachines/jdk-11.0.9.jdk/Contents/Home/lib"/>
    <property name="sun.java.command" value="/Users/sreenivasmanthri/Projects/spring-secrets-manager/target/surefire/surefirebooter8403584910940570788.jar /Users/sreenivasmanthri/Projects/spring-secrets-manager/target/surefire 2021-01-16T23-28-04_251-jvmRun1 surefire17341759105106700597tmp surefire_01672332816648243756tmp"/>
    <property name="http.nonProxyHosts" value="local|*.local|169.254/16|*.169.254/16"/>
    <property name="jdk.debug" value="release"/>
    <property name="surefire.test.class.path" value="/Users/sreenivasmanthri/Projects/spring-secrets-manager/target/test-classes:/Users/sreenivasmanthri/Projects/spring-secrets-manager/target/classes:/Users/sreenivasmanthri/.m2/repository/org/springframework/cloud/spring-cloud-config-server/3.0.0/spring-cloud-config-server-3.0.0.jar:/Users/sreenivasmanthri/.m2/repository/org/springframework/cloud/spring-cloud-config-client/3.0.0/spring-cloud-config-client-3.0.0.jar:/Users/sreenivasmanthri/.m2/repository/org/springframework/cloud/spring-cloud-commons/3.0.0/spring-cloud-commons-3.0.0.jar:/Users/sreenivasmanthri/.m2/repository/org/springframework/cloud/spring-cloud-context/3.0.0/spring-cloud-context-3.0.0.jar:/Users/sreenivasmanthri/.m2/repository/org/springframework/spring-web/5.3.2/spring-web-5.3.2.jar:/Users/sreenivasmanthri/.m2/repository/org/springframework/spring-beans/5.3.2/spring-beans-5.3.2.jar:/Users/sreenivasmanthri/.m2/repository/org/apache/httpcomponents/httpclient/4.5.13/httpclient-4.5.13.jar:/Users/sreenivasmanthri/.m2/repository/commons-codec/commons-codec/1.15/commons-codec-1.15.jar:/Users/sreenivasmanthri/.m2/repository/org/springframework/boot/spring-boot-starter-web/2.4.1/spring-boot-starter-web-2.4.1.jar:/Users/sreenivasmanthri/.m2/repository/org/springframework/boot/spring-boot-starter-json/2.4.1/spring-boot-starter-json-2.4.1.jar:/Users/sreenivasmanthri/.m2/repository/com/fasterxml/jackson/datatype/jackson-datatype-jdk8/2.11.3/jackson-datatype-jdk8-2.11.3.jar:/Users/sreenivasmanthri/.m2/repository/com/fasterxml/jackson/module/jackson-module-parameter-names/2.11.3/jackson-module-parameter-names-2.11.3.jar:/Users/sreenivasmanthri/.m2/repository/org/springframework/boot/spring-boot-starter-tomcat/2.4.1/spring-boot-starter-tomcat-2.4.1.jar:/Users/sreenivasmanthri/.m2/repository/org/apache/tomcat/embed/tomcat-embed-core/9.0.41/tomcat-embed-core-9.0.41.jar:/Users/sreenivasmanthri/.m2/repository/org/apache/tomcat/embed/tomcat-embed-websocket/9.0.41/tomcat-embed-websocket-9.0.41.jar:/Users/sreenivasmanthri/.m2/repository/org/springframework/spring-webmvc/5.3.2/spring-webmvc-5.3.2.jar:/Users/sreenivasmanthri/.m2/repository/org/springframework/spring-aop/5.3.2/spring-aop-5.3.2.jar:/Users/sreenivasmanthri/.m2/repository/org/springframework/spring-expression/5.3.2/spring-expression-5.3.2.jar:/Users/sreenivasmanthri/.m2/repository/org/springframework/boot/spring-boot-starter-validation/2.4.1/spring-boot-starter-validation-2.4.1.jar:/Users/sreenivasmanthri/.m2/repository/org/glassfish/jakarta.el/3.0.3/jakarta.el-3.0.3.jar:/Users/sreenivasmanthri/.m2/repository/org/hibernate/validator/hibernate-validator/6.1.6.Final/hibernate-validator-6.1.6.Final.jar:/Users/sreenivasmanthri/.m2/repository/jakarta/validation/jakarta.validation-api/2.0.2/jakarta.validation-api-2.0.2.jar:/Users/sreenivasmanthri/.m2/repository/org/jboss/logging/jboss-logging/3.4.1.Final/jboss-logging-3.4.1.Final.jar:/Users/sreenivasmanthri/.m2/repository/com/fasterxml/classmate/1.5.1/classmate-1.5.1.jar:/Users/sreenivasmanthri/.m2/repository/org/springframework/security/spring-security-crypto/5.4.2/spring-security-crypto-5.4.2.jar:/Users/sreenivasmanthri/.m2/repository/org/springframework/security/spring-security-rsa/1.0.9.RELEASE/spring-security-rsa-1.0.9.RELEASE.jar:/Users/sreenivasmanthri/.m2/repository/org/bouncycastle/bcpkix-jdk15on/1.64/bcpkix-jdk15on-1.64.jar:/Users/sreenivasmanthri/.m2/repository/org/bouncycastle/bcprov-jdk15on/1.64/bcprov-jdk15on-1.64.jar:/Users/sreenivasmanthri/.m2/repository/org/eclipse/jgit/org.eclipse.jgit/5.1.3.201810200350-r/org.eclipse.jgit-5.1.3.201810200350-r.jar:/Users/sreenivasmanthri/.m2/repository/com/jcraft/jsch/0.1.54/jsch-0.1.54.jar:/Users/sreenivasmanthri/.m2/repository/com/jcraft/jzlib/1.1.1/jzlib-1.1.1.jar:/Users/sreenivasmanthri/.m2/repository/com/googlecode/javaewah/JavaEWAH/1.1.6/JavaEWAH-1.1.6.jar:/Users/sreenivasmanthri/.m2/repository/org/eclipse/jgit/org.eclipse.jgit.http.apache/5.1.3.201810200350-r/org.eclipse.jgit.http.apache-5.1.3.201810200350-r.jar:/Users/sreenivasmanthri/.m2/repository/org/apache/httpcomponents/httpcore/4.4.14/httpcore-4.4.14.jar:/Users/sreenivasmanthri/.m2/repository/org/yaml/snakeyaml/1.27/snakeyaml-1.27.jar:/Users/sreenivasmanthri/.m2/repository/com/fasterxml/jackson/dataformat/jackson-dataformat-yaml/2.11.3/jackson-dataformat-yaml-2.11.3.jar:/Users/sreenivasmanthri/.m2/repository/org/springframework/cloud/spring-cloud-starter-aws-secrets-manager-config/2.0.1.RELEASE/spring-cloud-starter-aws-secrets-manager-config-2.0.1.RELEASE.jar:/Users/sreenivasmanthri/.m2/repository/org/springframework/cloud/spring-cloud-aws-secrets-manager-config/2.0.1.RELEASE/spring-cloud-aws-secrets-manager-config-2.0.1.RELEASE.jar:/Users/sreenivasmanthri/.m2/repository/org/springframework/spring-context/5.3.2/spring-context-5.3.2.jar:/Users/sreenivasmanthri/.m2/repository/com/amazonaws/aws-java-sdk-secretsmanager/1.11.415/aws-java-sdk-secretsmanager-1.11.415.jar:/Users/sreenivasmanthri/.m2/repository/com/amazonaws/aws-java-sdk-core/1.11.415/aws-java-sdk-core-1.11.415.jar:/Users/sreenivasmanthri/.m2/repository/commons-logging/commons-logging/1.1.3/commons-logging-1.1.3.jar:/Users/sreenivasmanthri/.m2/repository/software/amazon/ion/ion-java/1.0.2/ion-java-1.0.2.jar:/Users/sreenivasmanthri/.m2/repository/com/fasterxml/jackson/dataformat/jackson-dataformat-cbor/2.11.3/jackson-dataformat-cbor-2.11.3.jar:/Users/sreenivasmanthri/.m2/repository/joda-time/joda-time/2.8.1/joda-time-2.8.1.jar:/Users/sreenivasmanthri/.m2/repository/com/amazonaws/jmespath-java/1.11.415/jmespath-java-1.11.415.jar:/Users/sreenivasmanthri/.m2/repository/org/springframework/cloud/spring-cloud-aws-autoconfigure/2.0.1.RELEASE/spring-cloud-aws-autoconfigure-2.0.1.RELEASE.jar:/Users/sreenivasmanthri/.m2/repository/org/springframework/cloud/spring-cloud-aws-context/2.0.1.RELEASE/spring-cloud-aws-context-2.0.1.RELEASE.jar:/Users/sreenivasmanthri/.m2/repository/org/springframework/cloud/spring-cloud-aws-core/2.0.1.RELEASE/spring-cloud-aws-core-2.0.1.RELEASE.jar:/Users/sreenivasmanthri/.m2/repository/com/amazonaws/aws-java-sdk-s3/1.11.415/aws-java-sdk-s3-1.11.415.jar:/Users/sreenivasmanthri/.m2/repository/com/amazonaws/aws-java-sdk-kms/1.11.415/aws-java-sdk-kms-1.11.415.jar:/Users/sreenivasmanthri/.m2/repository/com/amazonaws/aws-java-sdk-ec2/1.11.415/aws-java-sdk-ec2-1.11.415.jar:/Users/sreenivasmanthri/.m2/repository/com/amazonaws/aws-java-sdk-cloudformation/1.11.415/aws-java-sdk-cloudformation-1.11.415.jar:/Users/sreenivasmanthri/.m2/repository/org/slf4j/slf4j-api/1.7.30/slf4j-api-1.7.30.jar:/Users/sreenivasmanthri/.m2/repository/org/springframework/boot/spring-boot-starter-log4j2/2.4.1/spring-boot-starter-log4j2-2.4.1.jar:/Users/sreenivasmanthri/.m2/repository/org/apache/logging/log4j/log4j-slf4j-impl/2.13.3/log4j-slf4j-impl-2.13.3.jar:/Users/sreenivasmanthri/.m2/repository/org/apache/logging/log4j/log4j-api/2.13.3/log4j-api-2.13.3.jar:/Users/sreenivasmanthri/.m2/repository/org/apache/logging/log4j/log4j-core/2.13.3/log4j-core-2.13.3.jar:/Users/sreenivasmanthri/.m2/repository/org/apache/logging/log4j/log4j-jul/2.13.3/log4j-jul-2.13.3.jar:/Users/sreenivasmanthri/.m2/repository/org/slf4j/jul-to-slf4j/1.7.30/jul-to-slf4j-1.7.30.jar:/Users/sreenivasmanthri/.m2/repository/org/projectlombok/lombok/1.18.16/lombok-1.18.16.jar:/Users/sreenivasmanthri/.m2/repository/org/springframework/boot/spring-boot-starter/2.4.1/spring-boot-starter-2.4.1.jar:/Users/sreenivasmanthri/.m2/repository/org/springframework/boot/spring-boot/2.4.1/spring-boot-2.4.1.jar:/Users/sreenivasmanthri/.m2/repository/org/springframework/boot/spring-boot-autoconfigure/2.4.1/spring-boot-autoconfigure-2.4.1.jar:/Users/sreenivasmanthri/.m2/repository/jakarta/annotation/jakarta.annotation-api/1.3.5/jakarta.annotation-api-1.3.5.jar:/Users/sreenivasmanthri/.m2/repository/org/springframework/spring-core/5.3.2/spring-core-5.3.2.jar:/Users/sreenivasmanthri/.m2/repository/org/springframework/spring-jcl/5.3.2/spring-jcl-5.3.2.jar:/Users/sreenivasmanthri/.m2/repository/org/springframework/boot/spring-boot-starter-actuator/2.4.1/spring-boot-starter-actuator-2.4.1.jar:/Users/sreenivasmanthri/.m2/repository/org/springframework/boot/spring-boot-actuator-autoconfigure/2.4.1/spring-boot-actuator-autoconfigure-2.4.1.jar:/Users/sreenivasmanthri/.m2/repository/org/springframework/boot/spring-boot-actuator/2.4.1/spring-boot-actuator-2.4.1.jar:/Users/sreenivasmanthri/.m2/repository/com/fasterxml/jackson/datatype/jackson-datatype-jsr310/2.11.3/jackson-datatype-jsr310-2.11.3.jar:/Users/sreenivasmanthri/.m2/repository/io/micrometer/micrometer-core/1.6.2/micrometer-core-1.6.2.jar:/Users/sreenivasmanthri/.m2/repository/org/hdrhistogram/HdrHistogram/2.1.12/HdrHistogram-2.1.12.jar:/Users/sreenivasmanthri/.m2/repository/org/latencyutils/LatencyUtils/2.0.3/LatencyUtils-2.0.3.jar:/Users/sreenivasmanthri/.m2/repository/com/fasterxml/jackson/dataformat/jackson-dataformat-xml/2.10.3/jackson-dataformat-xml-2.10.3.jar:/Users/sreenivasmanthri/.m2/repository/com/fasterxml/jackson/core/jackson-core/2.11.3/jackson-core-2.11.3.jar:/Users/sreenivasmanthri/.m2/repository/com/fasterxml/jackson/core/jackson-annotations/2.11.3/jackson-annotations-2.11.3.jar:/Users/sreenivasmanthri/.m2/repository/com/fasterxml/jackson/core/jackson-databind/2.11.3/jackson-databind-2.11.3.jar:/Users/sreenivasmanthri/.m2/repository/com/fasterxml/jackson/module/jackson-module-jaxb-annotations/2.11.3/jackson-module-jaxb-annotations-2.11.3.jar:/Users/sreenivasmanthri/.m2/repository/jakarta/activation/jakarta.activation-api/1.2.2/jakarta.activation-api-1.2.2.jar:/Users/sreenivasmanthri/.m2/repository/org/codehaus/woodstox/stax2-api/4.2/stax2-api-4.2.jar:/Users/sreenivasmanthri/.m2/repository/com/fasterxml/woodstox/woodstox-core/6.1.1/woodstox-core-6.1.1.jar:/Users/sreenivasmanthri/.m2/repository/org/springframework/boot/spring-boot-starter-test/2.4.1/spring-boot-starter-test-2.4.1.jar:/Users/sreenivasmanthri/.m2/repository/org/springframework/boot/spring-boot-test/2.4.1/spring-boot-test-2.4.1.jar:/Users/sreenivasmanthri/.m2/repository/org/springframework/boot/spring-boot-test-autoconfigure/2.4.1/spring-boot-test-autoconfigure-2.4.1.jar:/Users/sreenivasmanthri/.m2/repository/com/jayway/jsonpath/json-path/2.4.0/json-path-2.4.0.jar:/Users/sreenivasmanthri/.m2/repository/net/minidev/json-smart/2.3/json-smart-2.3.jar:/Users/sreenivasmanthri/.m2/repository/net/minidev/accessors-smart/1.2/accessors-smart-1.2.jar:/Users/sreenivasmanthri/.m2/repository/org/ow2/asm/asm/5.0.4/asm-5.0.4.jar:/Users/sreenivasmanthri/.m2/repository/jakarta/xml/bind/jakarta.xml.bind-api/2.3.3/jakarta.xml.bind-api-2.3.3.jar:/Users/sreenivasmanthri/.m2/repository/org/assertj/assertj-core/3.18.1/assertj-core-3.18.1.jar:/Users/sreenivasmanthri/.m2/repository/org/hamcrest/hamcrest/2.2/hamcrest-2.2.jar:/Users/sreenivasmanthri/.m2/repository/org/junit/jupiter/junit-jupiter/5.7.0/junit-jupiter-5.7.0.jar:/Users/sreenivasmanthri/.m2/repository/org/junit/jupiter/junit-jupiter-api/5.7.0/junit-jupiter-api-5.7.0.jar:/Users/sreenivasmanthri/.m2/repository/org/apiguardian/apiguardian-api/1.1.0/apiguardian-api-1.1.0.jar:/Users/sreenivasmanthri/.m2/repository/org/opentest4j/opentest4j/1.2.0/opentest4j-1.2.0.jar:/Users/sreenivasmanthri/.m2/repository/org/junit/platform/junit-platform-commons/1.7.0/junit-platform-commons-1.7.0.jar:/Users/sreenivasmanthri/.m2/repository/org/junit/jupiter/junit-jupiter-params/5.7.0/junit-jupiter-params-5.7.0.jar:/Users/sreenivasmanthri/.m2/repository/org/junit/jupiter/junit-jupiter-engine/5.7.0/junit-jupiter-engine-5.7.0.jar:/Users/sreenivasmanthri/.m2/repository/org/junit/platform/junit-platform-engine/1.7.0/junit-platform-engine-1.7.0.jar:/Users/sreenivasmanthri/.m2/repository/org/mockito/mockito-junit-jupiter/3.6.28/mockito-junit-jupiter-3.6.28.jar:/Users/sreenivasmanthri/.m2/repository/org/skyscreamer/jsonassert/1.5.0/jsonassert-1.5.0.jar:/Users/sreenivasmanthri/.m2/repository/com/vaadin/external/google/android-json/0.0.20131108.vaadin1/android-json-0.0.20131108.vaadin1.jar:/Users/sreenivasmanthri/.m2/repository/org/xmlunit/xmlunit-core/2.7.0/xmlunit-core-2.7.0.jar:/Users/sreenivasmanthri/.m2/repository/junit/junit/4.13.1/junit-4.13.1.jar:/Users/sreenivasmanthri/.m2/repository/org/hamcrest/hamcrest-core/2.2/hamcrest-core-2.2.jar:/Users/sreenivasmanthri/.m2/repository/org/mockito/mockito-core/3.6.28/mockito-core-3.6.28.jar:/Users/sreenivasmanthri/.m2/repository/net/bytebuddy/byte-buddy/1.10.18/byte-buddy-1.10.18.jar:/Users/sreenivasmanthri/.m2/repository/net/bytebuddy/byte-buddy-agent/1.10.18/byte-buddy-agent-1.10.18.jar:/Users/sreenivasmanthri/.m2/repository/org/objenesis/objenesis/3.1/objenesis-3.1.jar:/Users/sreenivasmanthri/.m2/repository/org/springframework/spring-test/5.3.2/spring-test-5.3.2.jar:"/>
    <property name="sun.cpu.endian" value="little"/>
    <property name="user.home" value="/Users/sreenivasmanthri"/>
    <property name="user.language" value="en"/>
    <property name="java.specification.vendor" value="Oracle Corporation"/>
    <property name="java.version.date" value="2020-10-20"/>
    <property name="java.home" value="/Library/Java/JavaVirtualMachines/jdk-11.0.9.jdk/Contents/Home"/>
    <property name="file.separator" value="/"/>
    <property name="basedir" value="/Users/sreenivasmanthri/Projects/spring-secrets-manager"/>
    <property name="java.vm.compressedOopsMode" value="Zero based"/>
    <property name="line.separator" value="&#10;"/>
    <property name="java.specification.name" value="Java Platform API Specification"/>
    <property name="java.vm.specification.vendor" value="Oracle Corporation"/>
    <property name="java.awt.graphicsenv" value="sun.awt.CGraphicsEnvironment"/>
    <property name="surefire.real.class.path" value="/Users/sreenivasmanthri/Projects/spring-secrets-manager/target/surefire/surefirebooter8403584910940570788.jar"/>
    <property name="sun.management.compiler" value="HotSpot 64-Bit Tiered Compilers"/>
    <property name="ftp.nonProxyHosts" value="local|*.local|169.254/16|*.169.254/16"/>
    <property name="java.runtime.version" value="11.0.9+7-LTS"/>
    <property name="user.name" value="sreenivasmanthri"/>
    <property name="path.separator" value=":"/>
    <property name="os.version" value="10.16"/>
    <property name="java.runtime.name" value="Java(TM) SE Runtime Environment"/>
    <property name="file.encoding" value="UTF-8"/>
    <property name="java.vm.name" value="Java HotSpot(TM) 64-Bit Server VM"/>
    <property name="java.vendor.version" value="18.9"/>
    <property name="localRepository" value="/Users/sreenivasmanthri/.m2/repository"/>
    <property name="java.vendor.url.bug" value="https://bugreport.java.com/bugreport/"/>
    <property name="java.io.tmpdir" value="/var/folders/w0/g4xb8bs95p180qqd7rwsf76r0000gn/T/"/>
    <property name="java.version" value="11.0.9"/>
    <property name="user.dir" value="/Users/sreenivasmanthri/Projects/spring-secrets-manager"/>
    <property name="os.arch" value="x86_64"/>
    <property name="java.vm.specification.name" value="Java Virtual Machine Specification"/>
    <property name="java.awt.printerjob" value="sun.lwawt.macosx.CPrinterJob"/>
    <property name="sun.os.patch.level" value="unknown"/>
    <property name="java.library.path" value="/Users/sreenivasmanthri/Library/Java/Extensions:/Library/Java/Extensions:/Network/Library/Java/Extensions:/System/Library/Java/Extensions:/usr/lib/java:."/>
    <property name="java.vendor" value="Oracle Corporation"/>
    <property name="java.vm.info" value="mixed mode"/>
    <property name="java.vm.version" value="11.0.9+7-LTS"/>
    <property name="sun.io.unicode.encoding" value="UnicodeBig"/>
    <property name="java.class.version" value="55.0"/>
    <property name="socksNonProxyHosts" value="local|*.local|169.254/16|*.169.254/16"/>
  </properties>
  <testcase name="contextLoads" classname="com.secrets.manager.springsecretsmanager.SpringSecretsManagerApplicationTests" time="0.467"/>
</testsuite>